c:\users\thira\source\repos\client\client\x64\debug\vc142.pdb
c:\users\thira\source\repos\client\client\x64\debug\vc142.idb
c:\users\thira\source\repos\client\client\x64\debug\threadfunc.obj
c:\users\thira\source\repos\client\client\x64\debug\privatechatbox.obj
c:\users\thira\source\repos\client\client\x64\debug\client.obj
c:\users\thira\source\repos\client\client\x64\debug\chatclient.obj
c:\users\thira\documents\github\projectii\client\client\x64\debug\vc142.pdb
c:\users\thira\documents\github\projectii\client\client\x64\debug\vc142.idb
c:\users\thira\documents\github\projectii\client\client\x64\debug\threadfunc.obj
c:\users\thira\documents\github\projectii\client\client\x64\debug\privatechatbox.obj
c:\users\thira\documents\github\projectii\client\client\x64\debug\client.obj
c:\users\thira\documents\github\projectii\client\client\x64\debug\chatclient.obj
c:\users\thira\source\repos\client\x64\debug\client.exe
c:\users\thira\source\repos\client\client\x64\debug\client.ilk
c:\users\thira\source\repos\client\x64\debug\client.pdb
c:\users\thira\documents\github\projectii\client\x64\debug\client.exe
c:\users\thira\documents\github\projectii\client\client\x64\debug\client.ilk
c:\users\thira\documents\github\projectii\client\x64\debug\client.pdb
c:\users\thira\source\repos\client\client\x64\debug\client.res
c:\users\thira\documents\github\projectii\client\client\x64\debug\client.res
c:\users\thira\documents\github\projectii\client\client\x64\debug\client.tlog\cl.command.1.tlog
c:\users\thira\documents\github\projectii\client\client\x64\debug\client.tlog\cl.read.1.tlog
c:\users\thira\documents\github\projectii\client\client\x64\debug\client.tlog\cl.write.1.tlog
c:\users\thira\documents\github\projectii\client\client\x64\debug\client.tlog\link.command.1.tlog
c:\users\thira\documents\github\projectii\client\client\x64\debug\client.tlog\link.read.1.tlog
c:\users\thira\documents\github\projectii\client\client\x64\debug\client.tlog\link.write.1.tlog
c:\users\thira\documents\github\projectii\client\client\x64\debug\client.tlog\rc.command.1.tlog
c:\users\thira\documents\github\projectii\client\client\x64\debug\client.tlog\rc.read.1.tlog
c:\users\thira\documents\github\projectii\client\client\x64\debug\client.tlog\rc.write.1.tlog
